<?xml version="1.0" encoding="UTF-8"?>
<testng-results skipped="0" failed="0" ignored="0" total="2" passed="2">
  <reporter-output>
  </reporter-output>
  <suite name="Suite" duration-ms="161" started-at="2022-01-23T03:20:00 GMT" finished-at="2022-01-23T03:20:00 GMT">
    <groups>
    </groups>
    <test name="Test" duration-ms="161" started-at="2022-01-23T03:20:00 GMT" finished-at="2022-01-23T03:20:00 GMT">
      <class name="mavenfirst.mavenJava.SeleniumTest">
        <test-method status="PASS" signature="test1()[pri:0, instance:mavenfirst.mavenJava.SeleniumTest@458c1321]" name="test1" duration-ms="0" started-at="2022-01-23T03:20:00 GMT" finished-at="2022-01-23T03:20:00 GMT">
          <reporter-output>
          </reporter-output>
        </test-method> <!-- test1 -->
      </class> <!-- mavenfirst.mavenJava.SeleniumTest -->
      <class name="mavenfirst.mavenJava.AppiumTest">
        <test-method status="PASS" signature="test1()[pri:0, instance:mavenfirst.mavenJava.AppiumTest@536aaa8d]" name="test1" duration-ms="5" started-at="2022-01-23T03:20:00 GMT" finished-at="2022-01-23T03:20:00 GMT">
          <reporter-output>
          </reporter-output>
        </test-method> <!-- test1 -->
      </class> <!-- mavenfirst.mavenJava.AppiumTest -->
    </test> <!-- Test -->
  </suite> <!-- Suite -->
</testng-results>
