<?xml version="1.0" encoding="UTF-8"?>
<testng-results ignored="0" total="2" passed="2" failed="0" skipped="0">
  <reporter-output>
  </reporter-output>
  <suite started-at="2022-01-22T17:36:30 GMT" name="Suite" finished-at="2022-01-22T17:36:30 GMT" duration-ms="127">
    <groups>
    </groups>
    <test started-at="2022-01-22T17:36:30 GMT" name="Test" finished-at="2022-01-22T17:36:30 GMT" duration-ms="127">
      <class name="mavenfirst.mavenJava.Appium">
        <test-method signature="test1()[pri:0, instance:mavenfirst.mavenJava.Appium@3ee37e5a]" started-at="2022-01-22T17:36:30 GMT" name="test1" finished-at="2022-01-22T17:36:30 GMT" duration-ms="9" status="PASS">
          <reporter-output>
          </reporter-output>
        </test-method> <!-- test1 -->
      </class> <!-- mavenfirst.mavenJava.Appium -->
      <class name="mavenfirst.mavenJava.Selenium">
        <test-method signature="test1()[pri:0, instance:mavenfirst.mavenJava.Selenium@2c35e847]" started-at="2022-01-22T17:36:30 GMT" name="test1" finished-at="2022-01-22T17:36:30 GMT" duration-ms="14" status="PASS">
          <reporter-output>
          </reporter-output>
        </test-method> <!-- test1 -->
      </class> <!-- mavenfirst.mavenJava.Selenium -->
    </test> <!-- Test -->
  </suite> <!-- Suite -->
</testng-results>
